  [1m[36m (128.7ms)[0m  [1mCREATE TABLE "schema_migrations" ("version" varchar NOT NULL) [0m
  [1m[35m (0.1ms)[0m  select sqlite_version(*)
  [1m[36m (124.6ms)[0m  [1mCREATE UNIQUE INDEX "unique_schema_migrations" ON "schema_migrations" ("version")[0m
  [1m[35mActiveRecord::SchemaMigration Load (0.1ms)[0m  SELECT "schema_migrations".* FROM "schema_migrations"


Started GET "/" for 127.0.0.1 at 2016-08-31 16:19:52 +0530
Processing by Rails::WelcomeController#index as HTML
  Rendered /home/webwerks/.rvm/gems/ruby-2.2.2/gems/railties-4.2.6/lib/rails/templates/rails/welcome/index.html.erb (2.0ms)
Completed 200 OK in 65ms (Views: 36.0ms | ActiveRecord: 0.0ms)
  [1m[36m (162.3ms)[0m  [1mCREATE TABLE "schema_migrations" ("version" varchar NOT NULL) [0m
  [1m[35m (0.1ms)[0m  select sqlite_version(*)
  [1m[36m (124.5ms)[0m  [1mCREATE UNIQUE INDEX "unique_schema_migrations" ON "schema_migrations" ("version")[0m
  [1m[35mActiveRecord::SchemaMigration Load (0.2ms)[0m  SELECT "schema_migrations".* FROM "schema_migrations"
Migrating to DeviseCreateUsers (20160831111620)
  [1m[36m (0.1ms)[0m  [1mbegin transaction[0m
  [1m[35m (0.5ms)[0m  CREATE TABLE "users" ("id" INTEGER PRIMARY KEY AUTOINCREMENT NOT NULL, "email" varchar DEFAULT '' NOT NULL, "encrypted_password" varchar DEFAULT '' NOT NULL, "reset_password_token" varchar, "reset_password_sent_at" datetime, "remember_created_at" datetime, "sign_in_count" integer DEFAULT 0 NOT NULL, "current_sign_in_at" datetime, "last_sign_in_at" datetime, "current_sign_in_ip" varchar, "last_sign_in_ip" varchar, "created_at" datetime NOT NULL, "updated_at" datetime NOT NULL) 
  [1m[36m (0.3ms)[0m  [1mCREATE UNIQUE INDEX "index_users_on_email" ON "users" ("email")[0m
  [1m[35m (0.1ms)[0m              SELECT sql
            FROM sqlite_master
            WHERE name='index_users_on_email' AND type='index'
            UNION ALL
            SELECT sql
            FROM sqlite_temp_master
            WHERE name='index_users_on_email' AND type='index'

  [1m[36m (0.2ms)[0m  [1mCREATE UNIQUE INDEX "index_users_on_reset_password_token" ON "users" ("reset_password_token")[0m
  [1m[35mSQL (0.3ms)[0m  INSERT INTO "schema_migrations" ("version") VALUES (?)  [["version", "20160831111620"]]
  [1m[36m (122.6ms)[0m  [1mcommit transaction[0m
  [1m[35mActiveRecord::SchemaMigration Load (0.1ms)[0m  SELECT "schema_migrations".* FROM "schema_migrations"
  [1m[36m (0.2ms)[0m  [1m            SELECT sql
            FROM sqlite_master
            WHERE name='index_users_on_reset_password_token' AND type='index'
            UNION ALL
            SELECT sql
            FROM sqlite_temp_master
            WHERE name='index_users_on_reset_password_token' AND type='index'
[0m
  [1m[35m (0.1ms)[0m              SELECT sql
            FROM sqlite_master
            WHERE name='index_users_on_email' AND type='index'
            UNION ALL
            SELECT sql
            FROM sqlite_temp_master
            WHERE name='index_users_on_email' AND type='index'

  [1m[36m (124.6ms)[0m  [1mCREATE TABLE "schema_migrations" ("version" varchar NOT NULL) [0m
  [1m[35m (0.1ms)[0m  select sqlite_version(*)
  [1m[36m (124.6ms)[0m  [1mCREATE UNIQUE INDEX "unique_schema_migrations" ON "schema_migrations" ("version")[0m
  [1m[35mActiveRecord::SchemaMigration Load (0.2ms)[0m  SELECT "schema_migrations".* FROM "schema_migrations"
Migrating to DeviseCreateUsers (20160831111620)
  [1m[36m (0.1ms)[0m  [1mbegin transaction[0m
  [1m[35m (0.5ms)[0m  CREATE TABLE "users" ("id" INTEGER PRIMARY KEY AUTOINCREMENT NOT NULL, "email" varchar DEFAULT '' NOT NULL, "encrypted_password" varchar DEFAULT '' NOT NULL, "reset_password_token" varchar, "reset_password_sent_at" datetime, "remember_created_at" datetime, "sign_in_count" integer DEFAULT 0 NOT NULL, "current_sign_in_at" datetime, "last_sign_in_at" datetime, "current_sign_in_ip" varchar, "last_sign_in_ip" varchar, "confirmation_token" varchar, "confirmed_at" datetime, "confirmation_sent_at" datetime, "unconfirmed_email" varchar, "failed_attempts" integer DEFAULT 0 NOT NULL, "unlock_token" varchar, "locked_at" datetime, "created_at" datetime NOT NULL, "updated_at" datetime NOT NULL) 
  [1m[36m (0.3ms)[0m  [1mCREATE UNIQUE INDEX "index_users_on_email" ON "users" ("email")[0m
  [1m[35m (0.1ms)[0m              SELECT sql
            FROM sqlite_master
            WHERE name='index_users_on_email' AND type='index'
            UNION ALL
            SELECT sql
            FROM sqlite_temp_master
            WHERE name='index_users_on_email' AND type='index'

  [1m[36m (0.2ms)[0m  [1mCREATE UNIQUE INDEX "index_users_on_reset_password_token" ON "users" ("reset_password_token")[0m
  [1m[35m (0.1ms)[0m              SELECT sql
            FROM sqlite_master
            WHERE name='index_users_on_reset_password_token' AND type='index'
            UNION ALL
            SELECT sql
            FROM sqlite_temp_master
            WHERE name='index_users_on_reset_password_token' AND type='index'

  [1m[36m (0.1ms)[0m  [1m            SELECT sql
            FROM sqlite_master
            WHERE name='index_users_on_email' AND type='index'
            UNION ALL
            SELECT sql
            FROM sqlite_temp_master
            WHERE name='index_users_on_email' AND type='index'
[0m
  [1m[35m (0.2ms)[0m  CREATE UNIQUE INDEX "index_users_on_confirmation_token" ON "users" ("confirmation_token")
  [1m[36m (0.1ms)[0m  [1m            SELECT sql
            FROM sqlite_master
            WHERE name='index_users_on_confirmation_token' AND type='index'
            UNION ALL
            SELECT sql
            FROM sqlite_temp_master
            WHERE name='index_users_on_confirmation_token' AND type='index'
[0m
  [1m[35m (0.1ms)[0m              SELECT sql
            FROM sqlite_master
            WHERE name='index_users_on_reset_password_token' AND type='index'
            UNION ALL
            SELECT sql
            FROM sqlite_temp_master
            WHERE name='index_users_on_reset_password_token' AND type='index'

  [1m[36m (0.1ms)[0m  [1m            SELECT sql
            FROM sqlite_master
            WHERE name='index_users_on_email' AND type='index'
            UNION ALL
            SELECT sql
            FROM sqlite_temp_master
            WHERE name='index_users_on_email' AND type='index'
[0m
  [1m[35m (0.2ms)[0m  CREATE UNIQUE INDEX "index_users_on_unlock_token" ON "users" ("unlock_token")
  [1m[36mSQL (0.3ms)[0m  [1mINSERT INTO "schema_migrations" ("version") VALUES (?)[0m  [["version", "20160831111620"]]
  [1m[35m (146.3ms)[0m  commit transaction
  [1m[36mActiveRecord::SchemaMigration Load (0.1ms)[0m  [1mSELECT "schema_migrations".* FROM "schema_migrations"[0m
  [1m[35m (0.1ms)[0m              SELECT sql
            FROM sqlite_master
            WHERE name='index_users_on_unlock_token' AND type='index'
            UNION ALL
            SELECT sql
            FROM sqlite_temp_master
            WHERE name='index_users_on_unlock_token' AND type='index'

  [1m[36m (0.1ms)[0m  [1m            SELECT sql
            FROM sqlite_master
            WHERE name='index_users_on_confirmation_token' AND type='index'
            UNION ALL
            SELECT sql
            FROM sqlite_temp_master
            WHERE name='index_users_on_confirmation_token' AND type='index'
[0m
  [1m[35m (0.2ms)[0m              SELECT sql
            FROM sqlite_master
            WHERE name='index_users_on_reset_password_token' AND type='index'
            UNION ALL
            SELECT sql
            FROM sqlite_temp_master
            WHERE name='index_users_on_reset_password_token' AND type='index'

  [1m[36m (0.1ms)[0m  [1m            SELECT sql
            FROM sqlite_master
            WHERE name='index_users_on_email' AND type='index'
            UNION ALL
            SELECT sql
            FROM sqlite_temp_master
            WHERE name='index_users_on_email' AND type='index'
[0m


Started GET "/" for 127.0.0.1 at 2016-08-31 16:49:35 +0530
  [1m[36mActiveRecord::SchemaMigration Load (0.3ms)[0m  [1mSELECT "schema_migrations".* FROM "schema_migrations"[0m

ActionController::RoutingError (uninitialized constant HomeController):
  activesupport (4.2.6) lib/active_support/inflector/methods.rb:261:in `const_get'
  activesupport (4.2.6) lib/active_support/inflector/methods.rb:261:in `block in constantize'
  activesupport (4.2.6) lib/active_support/inflector/methods.rb:259:in `each'
  activesupport (4.2.6) lib/active_support/inflector/methods.rb:259:in `inject'
  activesupport (4.2.6) lib/active_support/inflector/methods.rb:259:in `constantize'
  actionpack (4.2.6) lib/action_dispatch/routing/route_set.rb:70:in `controller_reference'
  actionpack (4.2.6) lib/action_dispatch/routing/route_set.rb:60:in `controller'
  actionpack (4.2.6) lib/action_dispatch/routing/route_set.rb:39:in `serve'
  actionpack (4.2.6) lib/action_dispatch/journey/router.rb:43:in `block in serve'
  actionpack (4.2.6) lib/action_dispatch/journey/router.rb:30:in `each'
  actionpack (4.2.6) lib/action_dispatch/journey/router.rb:30:in `serve'
  actionpack (4.2.6) lib/action_dispatch/routing/route_set.rb:817:in `call'
  warden (1.2.6) lib/warden/manager.rb:35:in `block in call'
  warden (1.2.6) lib/warden/manager.rb:34:in `catch'
  warden (1.2.6) lib/warden/manager.rb:34:in `call'
  rack (1.6.4) lib/rack/etag.rb:24:in `call'
  rack (1.6.4) lib/rack/conditionalget.rb:25:in `call'
  rack (1.6.4) lib/rack/head.rb:13:in `call'
  actionpack (4.2.6) lib/action_dispatch/middleware/params_parser.rb:27:in `call'
  actionpack (4.2.6) lib/action_dispatch/middleware/flash.rb:260:in `call'
  rack (1.6.4) lib/rack/session/abstract/id.rb:225:in `context'
  rack (1.6.4) lib/rack/session/abstract/id.rb:220:in `call'
  actionpack (4.2.6) lib/action_dispatch/middleware/cookies.rb:560:in `call'
  activerecord (4.2.6) lib/active_record/query_cache.rb:36:in `call'
  activerecord (4.2.6) lib/active_record/connection_adapters/abstract/connection_pool.rb:653:in `call'
  activerecord (4.2.6) lib/active_record/migration.rb:377:in `call'
  actionpack (4.2.6) lib/action_dispatch/middleware/callbacks.rb:29:in `block in call'
  activesupport (4.2.6) lib/active_support/callbacks.rb:88:in `__run_callbacks__'
  activesupport (4.2.6) lib/active_support/callbacks.rb:778:in `_run_call_callbacks'
  activesupport (4.2.6) lib/active_support/callbacks.rb:81:in `run_callbacks'
  actionpack (4.2.6) lib/action_dispatch/middleware/callbacks.rb:27:in `call'
  actionpack (4.2.6) lib/action_dispatch/middleware/reloader.rb:73:in `call'
  actionpack (4.2.6) lib/action_dispatch/middleware/remote_ip.rb:78:in `call'
  actionpack (4.2.6) lib/action_dispatch/middleware/debug_exceptions.rb:17:in `call'
  web-console (2.3.0) lib/web_console/middleware.rb:28:in `block in call'
  web-console (2.3.0) lib/web_console/middleware.rb:18:in `catch'
  web-console (2.3.0) lib/web_console/middleware.rb:18:in `call'
  actionpack (4.2.6) lib/action_dispatch/middleware/show_exceptions.rb:30:in `call'
  railties (4.2.6) lib/rails/rack/logger.rb:38:in `call_app'
  railties (4.2.6) lib/rails/rack/logger.rb:20:in `block in call'
  activesupport (4.2.6) lib/active_support/tagged_logging.rb:68:in `block in tagged'
  activesupport (4.2.6) lib/active_support/tagged_logging.rb:26:in `tagged'
  activesupport (4.2.6) lib/active_support/tagged_logging.rb:68:in `tagged'
  railties (4.2.6) lib/rails/rack/logger.rb:20:in `call'
  actionpack (4.2.6) lib/action_dispatch/middleware/request_id.rb:21:in `call'
  rack (1.6.4) lib/rack/methodoverride.rb:22:in `call'
  rack (1.6.4) lib/rack/runtime.rb:18:in `call'
  activesupport (4.2.6) lib/active_support/cache/strategy/local_cache_middleware.rb:28:in `call'
  rack (1.6.4) lib/rack/lock.rb:17:in `call'
  actionpack (4.2.6) lib/action_dispatch/middleware/static.rb:120:in `call'
  rack (1.6.4) lib/rack/sendfile.rb:113:in `call'
  railties (4.2.6) lib/rails/engine.rb:518:in `call'
  railties (4.2.6) lib/rails/application.rb:165:in `call'
  rack (1.6.4) lib/rack/lock.rb:17:in `call'
  rack (1.6.4) lib/rack/content_length.rb:15:in `call'
  rack (1.6.4) lib/rack/handler/webrick.rb:88:in `service'
  /home/webwerks/.rvm/rubies/ruby-2.2.2/lib/ruby/2.2.0/webrick/httpserver.rb:138:in `service'
  /home/webwerks/.rvm/rubies/ruby-2.2.2/lib/ruby/2.2.0/webrick/httpserver.rb:94:in `run'
  /home/webwerks/.rvm/rubies/ruby-2.2.2/lib/ruby/2.2.0/webrick/server.rb:294:in `block in start_thread'


  Rendered /home/webwerks/.rvm/gems/ruby-2.2.2/gems/actionpack-4.2.6/lib/action_dispatch/middleware/templates/rescues/_trace.html.erb (3.1ms)
  Rendered /home/webwerks/.rvm/gems/ruby-2.2.2/gems/actionpack-4.2.6/lib/action_dispatch/middleware/templates/routes/_route.html.erb (2.7ms)
  Rendered /home/webwerks/.rvm/gems/ruby-2.2.2/gems/actionpack-4.2.6/lib/action_dispatch/middleware/templates/routes/_table.html.erb (17.1ms)
  Rendered /home/webwerks/.rvm/gems/ruby-2.2.2/gems/actionpack-4.2.6/lib/action_dispatch/middleware/templates/rescues/_request_and_response.html.erb (15.5ms)
  Rendered /home/webwerks/.rvm/gems/ruby-2.2.2/gems/actionpack-4.2.6/lib/action_dispatch/middleware/templates/rescues/routing_error.html.erb within rescues/layout (83.4ms)
  Rendered /home/webwerks/.rvm/gems/ruby-2.2.2/gems/web-console-2.3.0/lib/web_console/templates/_markup.html.erb (0.8ms)
  Rendered /home/webwerks/.rvm/gems/ruby-2.2.2/gems/web-console-2.3.0/lib/web_console/templates/_inner_console_markup.html.erb within layouts/inlined_string (0.6ms)
  Rendered /home/webwerks/.rvm/gems/ruby-2.2.2/gems/web-console-2.3.0/lib/web_console/templates/_prompt_box_markup.html.erb within layouts/inlined_string (0.7ms)
  Rendered /home/webwerks/.rvm/gems/ruby-2.2.2/gems/web-console-2.3.0/lib/web_console/templates/style.css.erb within layouts/inlined_string (0.5ms)
  Rendered /home/webwerks/.rvm/gems/ruby-2.2.2/gems/web-console-2.3.0/lib/web_console/templates/console.js.erb within layouts/javascript (34.0ms)
  Rendered /home/webwerks/.rvm/gems/ruby-2.2.2/gems/web-console-2.3.0/lib/web_console/templates/main.js.erb within layouts/javascript (0.5ms)
  Rendered /home/webwerks/.rvm/gems/ruby-2.2.2/gems/web-console-2.3.0/lib/web_console/templates/error_page.js.erb within layouts/javascript (0.6ms)
  Rendered /home/webwerks/.rvm/gems/ruby-2.2.2/gems/web-console-2.3.0/lib/web_console/templates/index.html.erb (58.1ms)


Started GET "/" for 127.0.0.1 at 2016-08-31 16:52:56 +0530
Processing by Devise::SessionsController#new as HTML
  Rendered /home/webwerks/.rvm/gems/ruby-2.2.2/gems/devise-4.2.0/app/views/devise/shared/_links.html.erb (3.2ms)
  Rendered /home/webwerks/.rvm/gems/ruby-2.2.2/gems/devise-4.2.0/app/views/devise/sessions/new.html.erb within layouts/application (36.1ms)
Completed 200 OK in 779ms (Views: 743.4ms | ActiveRecord: 1.3ms)


Started GET "/assets/application.self-e80e8f2318043e8af94dddc2adad5a4f09739a8ebb323b3ab31cd71d45fd9113.css?body=1" for 127.0.0.1 at 2016-08-31 16:52:57 +0530


Started GET "/assets/jquery.self-bd7ddd393353a8d2480a622e80342adf488fb6006d667e8b42e4c0073393abee.js?body=1" for 127.0.0.1 at 2016-08-31 16:52:57 +0530


Started GET "/assets/jquery_ujs.self-784a997f6726036b1993eb2217c9cb558e1cbb801c6da88105588c56f13b466a.js?body=1" for 127.0.0.1 at 2016-08-31 16:52:57 +0530


Started GET "/assets/turbolinks.self-c5acd7a204f5f25ce7a1d8a0e4d92e28d34c9e2df2c7371cd7af88e147e4ad82.js?body=1" for 127.0.0.1 at 2016-08-31 16:52:57 +0530


Started GET "/assets/application.self-3b8dabdc891efe46b9a144b400ad69e37d7e5876bdc39dee783419a69d7ca819.js?body=1" for 127.0.0.1 at 2016-08-31 16:52:57 +0530


Started GET "/" for 127.0.0.1 at 2016-08-31 17:00:16 +0530
Processing by Devise::SessionsController#new as HTML
  Rendered devise/shared/_links.html.erb (3.7ms)
  Rendered devise/sessions/new.html.erb within layouts/application (13.0ms)
Completed 500 Internal Server Error in 36ms (ActiveRecord: 0.0ms)

ActionView::Template::Error (couldn't find file 'devise_bootstrap_views' with type 'text/css'
Checked in these paths: 
  /home/webwerks/RubymineProjects/blog/app/assets/images
  /home/webwerks/RubymineProjects/blog/app/assets/javascripts
  /home/webwerks/RubymineProjects/blog/app/assets/stylesheets
  /home/webwerks/RubymineProjects/blog/vendor/assets/javascripts
  /home/webwerks/RubymineProjects/blog/vendor/assets/stylesheets
  /home/webwerks/.rvm/gems/ruby-2.2.2/gems/jquery-rails-4.2.1/vendor/assets/javascripts
  /home/webwerks/.rvm/gems/ruby-2.2.2/gems/coffee-rails-4.1.1/lib/assets/javascripts
  /home/webwerks/.rvm/gems/ruby-2.2.2/gems/turbolinks-source-5.0.0/lib/assets/javascripts):
    2: <html>
    3: <head>
    4:   <title>Blog</title>
    5:   <%= stylesheet_link_tag    'application', media: 'all', 'data-turbolinks-track' => true %>
    6:   <%= javascript_include_tag 'application', 'data-turbolinks-track' => true %>
    7:   <%= csrf_meta_tags %>
    8: </head>
  app/assets/stylesheets/application.css:13
  app/views/layouts/application.html.erb:5:in `_app_views_layouts_application_html_erb__4290160905891440920_31479520'


  Rendered /home/webwerks/.rvm/gems/ruby-2.2.2/gems/actionpack-4.2.6/lib/action_dispatch/middleware/templates/rescues/_source.erb (12.1ms)
  Rendered /home/webwerks/.rvm/gems/ruby-2.2.2/gems/actionpack-4.2.6/lib/action_dispatch/middleware/templates/rescues/_trace.html.erb (4.6ms)
  Rendered /home/webwerks/.rvm/gems/ruby-2.2.2/gems/actionpack-4.2.6/lib/action_dispatch/middleware/templates/rescues/_request_and_response.html.erb (1.4ms)
  Rendered /home/webwerks/.rvm/gems/ruby-2.2.2/gems/actionpack-4.2.6/lib/action_dispatch/middleware/templates/rescues/template_error.html.erb within rescues/layout (34.1ms)
  Rendered /home/webwerks/.rvm/gems/ruby-2.2.2/gems/web-console-2.3.0/lib/web_console/templates/_markup.html.erb (0.7ms)
  Rendered /home/webwerks/.rvm/gems/ruby-2.2.2/gems/web-console-2.3.0/lib/web_console/templates/_inner_console_markup.html.erb within layouts/inlined_string (0.4ms)
  Rendered /home/webwerks/.rvm/gems/ruby-2.2.2/gems/web-console-2.3.0/lib/web_console/templates/_prompt_box_markup.html.erb within layouts/inlined_string (0.4ms)
  Rendered /home/webwerks/.rvm/gems/ruby-2.2.2/gems/web-console-2.3.0/lib/web_console/templates/style.css.erb within layouts/inlined_string (0.5ms)
  Rendered /home/webwerks/.rvm/gems/ruby-2.2.2/gems/web-console-2.3.0/lib/web_console/templates/console.js.erb within layouts/javascript (20.2ms)
  Rendered /home/webwerks/.rvm/gems/ruby-2.2.2/gems/web-console-2.3.0/lib/web_console/templates/main.js.erb within layouts/javascript (0.4ms)
  Rendered /home/webwerks/.rvm/gems/ruby-2.2.2/gems/web-console-2.3.0/lib/web_console/templates/error_page.js.erb within layouts/javascript (0.6ms)
  Rendered /home/webwerks/.rvm/gems/ruby-2.2.2/gems/web-console-2.3.0/lib/web_console/templates/index.html.erb (40.4ms)


Started GET "/" for 127.0.0.1 at 2016-08-31 17:00:41 +0530
  [1m[36mActiveRecord::SchemaMigration Load (0.3ms)[0m  [1mSELECT "schema_migrations".* FROM "schema_migrations"[0m
Processing by Devise::SessionsController#new as HTML
  Rendered devise/shared/_links.html.erb (4.7ms)
  Rendered devise/sessions/new.html.erb within layouts/application (88.9ms)
Completed 500 Internal Server Error in 406ms (ActiveRecord: 1.0ms)

ActionView::Template::Error (couldn't find file 'devise_bootstrap_views_less' with type 'text/css'
Checked in these paths: 
  /home/webwerks/RubymineProjects/blog/app/assets/images
  /home/webwerks/RubymineProjects/blog/app/assets/javascripts
  /home/webwerks/RubymineProjects/blog/app/assets/stylesheets
  /home/webwerks/RubymineProjects/blog/vendor/assets/javascripts
  /home/webwerks/RubymineProjects/blog/vendor/assets/stylesheets
  /home/webwerks/.rvm/gems/ruby-2.2.2/gems/devise-bootstrap-views-0.0.9/app/assets/stylesheets
  /home/webwerks/.rvm/gems/ruby-2.2.2/gems/jquery-rails-4.2.1/vendor/assets/javascripts
  /home/webwerks/.rvm/gems/ruby-2.2.2/gems/coffee-rails-4.1.1/lib/assets/javascripts
  /home/webwerks/.rvm/gems/ruby-2.2.2/gems/turbolinks-source-5.0.0/lib/assets/javascripts):
    2: <html>
    3: <head>
    4:   <title>Blog</title>
    5:   <%= stylesheet_link_tag    'application', media: 'all', 'data-turbolinks-track' => true %>
    6:   <%= javascript_include_tag 'application', 'data-turbolinks-track' => true %>
    7:   <%= csrf_meta_tags %>
    8: </head>
  app/assets/stylesheets/application.css:14
  app/views/layouts/application.html.erb:5:in `_app_views_layouts_application_html_erb__2258161695293748290_48354480'


  Rendered /home/webwerks/.rvm/gems/ruby-2.2.2/gems/actionpack-4.2.6/lib/action_dispatch/middleware/templates/rescues/_source.erb (29.8ms)
  Rendered /home/webwerks/.rvm/gems/ruby-2.2.2/gems/actionpack-4.2.6/lib/action_dispatch/middleware/templates/rescues/_trace.html.erb (10.8ms)
  Rendered /home/webwerks/.rvm/gems/ruby-2.2.2/gems/actionpack-4.2.6/lib/action_dispatch/middleware/templates/rescues/_request_and_response.html.erb (2.1ms)
  Rendered /home/webwerks/.rvm/gems/ruby-2.2.2/gems/actionpack-4.2.6/lib/action_dispatch/middleware/templates/rescues/template_error.html.erb within rescues/layout (70.6ms)
  Rendered /home/webwerks/.rvm/gems/ruby-2.2.2/gems/web-console-2.3.0/lib/web_console/templates/_markup.html.erb (1.0ms)
  Rendered /home/webwerks/.rvm/gems/ruby-2.2.2/gems/web-console-2.3.0/lib/web_console/templates/_inner_console_markup.html.erb within layouts/inlined_string (0.9ms)
  Rendered /home/webwerks/.rvm/gems/ruby-2.2.2/gems/web-console-2.3.0/lib/web_console/templates/_prompt_box_markup.html.erb within layouts/inlined_string (0.7ms)
  Rendered /home/webwerks/.rvm/gems/ruby-2.2.2/gems/web-console-2.3.0/lib/web_console/templates/style.css.erb within layouts/inlined_string (0.6ms)
  Rendered /home/webwerks/.rvm/gems/ruby-2.2.2/gems/web-console-2.3.0/lib/web_console/templates/console.js.erb within layouts/javascript (45.5ms)
  Rendered /home/webwerks/.rvm/gems/ruby-2.2.2/gems/web-console-2.3.0/lib/web_console/templates/main.js.erb within layouts/javascript (0.9ms)
  Rendered /home/webwerks/.rvm/gems/ruby-2.2.2/gems/web-console-2.3.0/lib/web_console/templates/error_page.js.erb within layouts/javascript (0.7ms)
  Rendered /home/webwerks/.rvm/gems/ruby-2.2.2/gems/web-console-2.3.0/lib/web_console/templates/index.html.erb (79.2ms)


Started GET "/" for 127.0.0.1 at 2016-08-31 17:02:28 +0530
Processing by Devise::SessionsController#new as HTML
  Rendered devise/shared/_links.html.erb (3.0ms)
  Rendered devise/sessions/new.html.erb within layouts/application (11.1ms)
Completed 200 OK in 365ms (Views: 363.1ms | ActiveRecord: 0.0ms)


Started GET "/assets/devise_bootstrap_views.self-0e3c87679f066f0b385b53fedbb4ed6c2e4b01c0f7862d9704f527b8ab394a9f.css?body=1" for 127.0.0.1 at 2016-08-31 17:02:28 +0530


Started GET "/assets/application.self-167193cd81d9330d9ddb5c4ec7b44214fea529aa8a94f3a86e6526e4f652fc02.css?body=1" for 127.0.0.1 at 2016-08-31 17:02:28 +0530


Started GET "/assets/jquery_ujs.self-784a997f6726036b1993eb2217c9cb558e1cbb801c6da88105588c56f13b466a.js?body=1" for 127.0.0.1 at 2016-08-31 17:02:28 +0530


Started GET "/assets/application.self-3b8dabdc891efe46b9a144b400ad69e37d7e5876bdc39dee783419a69d7ca819.js?body=1" for 127.0.0.1 at 2016-08-31 17:02:28 +0530


Started GET "/assets/turbolinks.self-c5acd7a204f5f25ce7a1d8a0e4d92e28d34c9e2df2c7371cd7af88e147e4ad82.js?body=1" for 127.0.0.1 at 2016-08-31 17:02:28 +0530


Started GET "/assets/jquery.self-bd7ddd393353a8d2480a622e80342adf488fb6006d667e8b42e4c0073393abee.js?body=1" for 127.0.0.1 at 2016-08-31 17:02:28 +0530


Started GET "/" for 127.0.0.1 at 2016-08-31 17:05:02 +0530
Processing by Devise::SessionsController#new as HTML
  Rendered /home/webwerks/.rvm/gems/ruby-2.2.2/gems/devise-bootstrap-views-0.0.9/app/views/devise/sessions/new.html.erb within layouts/application (94.4ms)
Completed 500 Internal Server Error in 160ms (ActiveRecord: 1.0ms)

ActionView::Template::Error (can not load translations from /home/webwerks/RubymineProjects/blog/config/locales/devise.views.it.yml: #<Errno::ENOENT: No such file or directory @ rb_sysopen - /home/webwerks/RubymineProjects/blog/config/locales/devise.views.it.yml>):
    1: <div class="panel panel-default devise-bs">
    2:   <div class="panel-heading">
    3:     <h4><%= t('.sign_in', :default => "Sign in") %></h4>
    4:   </div>
    5:   <div class="panel-body">
    6:     <%= form_for(resource, as: resource_name, url: session_path(resource_name), html: { role: "form" }) do |f| %>
  i18n (0.7.0) lib/i18n/backend/base.rb:184:in `rescue in load_yml'
  i18n (0.7.0) lib/i18n/backend/base.rb:181:in `load_yml'
  i18n (0.7.0) lib/i18n/backend/base.rb:165:in `load_file'
  i18n (0.7.0) lib/i18n/backend/base.rb:15:in `block in load_translations'
  i18n (0.7.0) lib/i18n/backend/base.rb:15:in `each'
  i18n (0.7.0) lib/i18n/backend/base.rb:15:in `load_translations'
  i18n (0.7.0) lib/i18n/backend/simple.rb:57:in `init_translations'
  i18n (0.7.0) lib/i18n/backend/simple.rb:40:in `available_locales'
  i18n (0.7.0) lib/i18n/config.rb:43:in `available_locales'
  i18n (0.7.0) lib/i18n/config.rb:49:in `available_locales_set'
  i18n (0.7.0) lib/i18n.rb:278:in `locale_available?'
  i18n (0.7.0) lib/i18n.rb:284:in `enforce_available_locales!'
  i18n (0.7.0) lib/i18n.rb:151:in `translate'
  actionview (4.2.6) lib/action_view/helpers/translation_helper.rb:69:in `translate'
  devise-bootstrap-views (0.0.9) app/views/devise/sessions/new.html.erb:3:in `__home_webwerks__rvm_gems_ruby_______gems_devise_bootstrap_views_______app_views_devise_sessions_new_html_erb___633804608042990196_70332683287620'
  actionview (4.2.6) lib/action_view/template.rb:145:in `block in render'
  activesupport (4.2.6) lib/active_support/notifications.rb:166:in `instrument'
  actionview (4.2.6) lib/action_view/template.rb:333:in `instrument'
  actionview (4.2.6) lib/action_view/template.rb:143:in `render'
  actionview (4.2.6) lib/action_view/renderer/template_renderer.rb:54:in `block (2 levels) in render_template'
  actionview (4.2.6) lib/action_view/renderer/abstract_renderer.rb:39:in `block in instrument'
  activesupport (4.2.6) lib/active_support/notifications.rb:164:in `block in instrument'
  activesupport (4.2.6) lib/active_support/notifications/instrumenter.rb:20:in `instrument'
  activesupport (4.2.6) lib/active_support/notifications.rb:164:in `instrument'
  actionview (4.2.6) lib/action_view/renderer/abstract_renderer.rb:39:in `instrument'
  actionview (4.2.6) lib/action_view/renderer/template_renderer.rb:53:in `block in render_template'
  actionview (4.2.6) lib/action_view/renderer/template_renderer.rb:61:in `render_with_layout'
  actionview (4.2.6) lib/action_view/renderer/template_renderer.rb:52:in `render_template'
  actionview (4.2.6) lib/action_view/renderer/template_renderer.rb:14:in `render'
  actionview (4.2.6) lib/action_view/renderer/renderer.rb:46:in `render_template'
  actionview (4.2.6) lib/action_view/renderer/renderer.rb:27:in `render'
  actionview (4.2.6) lib/action_view/rendering.rb:100:in `_render_template'
  actionpack (4.2.6) lib/action_controller/metal/streaming.rb:217:in `_render_template'
  actionview (4.2.6) lib/action_view/rendering.rb:83:in `render_to_body'
  actionpack (4.2.6) lib/action_controller/metal/rendering.rb:32:in `render_to_body'
  actionpack (4.2.6) lib/action_controller/metal/renderers.rb:37:in `render_to_body'
  actionpack (4.2.6) lib/abstract_controller/rendering.rb:25:in `render'
  actionpack (4.2.6) lib/action_controller/metal/rendering.rb:16:in `render'
  actionpack (4.2.6) lib/action_controller/metal/instrumentation.rb:44:in `block (2 levels) in render'
  activesupport (4.2.6) lib/active_support/core_ext/benchmark.rb:12:in `block in ms'
  /home/webwerks/.rvm/rubies/ruby-2.2.2/lib/ruby/2.2.0/benchmark.rb:303:in `realtime'
  activesupport (4.2.6) lib/active_support/core_ext/benchmark.rb:12:in `ms'
  actionpack (4.2.6) lib/action_controller/metal/instrumentation.rb:44:in `block in render'
  actionpack (4.2.6) lib/action_controller/metal/instrumentation.rb:87:in `cleanup_view_runtime'
  activerecord (4.2.6) lib/active_record/railties/controller_runtime.rb:25:in `cleanup_view_runtime'
  actionpack (4.2.6) lib/action_controller/metal/instrumentation.rb:43:in `render'
  responders (2.3.0) lib/action_controller/responder.rb:238:in `default_render'
  responders (2.3.0) lib/action_controller/responder.rb:170:in `to_html'
  responders (2.3.0) lib/action_controller/responder.rb:163:in `respond'
  responders (2.3.0) lib/action_controller/responder.rb:156:in `call'
  responders (2.3.0) lib/action_controller/respond_with.rb:205:in `respond_with'
  devise (4.2.0) app/controllers/devise/sessions_controller.rb:12:in `new'
  actionpack (4.2.6) lib/action_controller/metal/implicit_render.rb:4:in `send_action'
  actionpack (4.2.6) lib/abstract_controller/base.rb:198:in `process_action'
  actionpack (4.2.6) lib/action_controller/metal/rendering.rb:10:in `process_action'
  actionpack (4.2.6) lib/abstract_controller/callbacks.rb:20:in `block in process_action'
  activesupport (4.2.6) lib/active_support/callbacks.rb:117:in `call'
  activesupport (4.2.6) lib/active_support/callbacks.rb:117:in `call'
  activesupport (4.2.6) lib/active_support/callbacks.rb:555:in `block (2 levels) in compile'
  activesupport (4.2.6) lib/active_support/callbacks.rb:505:in `call'
  activesupport (4.2.6) lib/active_support/callbacks.rb:505:in `call'
  activesupport (4.2.6) lib/active_support/callbacks.rb:92:in `__run_callbacks__'
  activesupport (4.2.6) lib/active_support/callbacks.rb:778:in `_run_process_action_callbacks'
  activesupport (4.2.6) lib/active_support/callbacks.rb:81:in `run_callbacks'
  actionpack (4.2.6) lib/abstract_controller/callbacks.rb:19:in `process_action'
  actionpack (4.2.6) lib/action_controller/metal/rescue.rb:29:in `process_action'
  actionpack (4.2.6) lib/action_controller/metal/instrumentation.rb:32:in `block in process_action'
  activesupport (4.2.6) lib/active_support/notifications.rb:164:in `block in instrument'
  activesupport (4.2.6) lib/active_support/notifications/instrumenter.rb:20:in `instrument'
  activesupport (4.2.6) lib/active_support/notifications.rb:164:in `instrument'
  actionpack (4.2.6) lib/action_controller/metal/instrumentation.rb:30:in `process_action'
  actionpack (4.2.6) lib/action_controller/metal/params_wrapper.rb:250:in `process_action'
  activerecord (4.2.6) lib/active_record/railties/controller_runtime.rb:18:in `process_action'
  actionpack (4.2.6) lib/abstract_controller/base.rb:137:in `process'
  actionview (4.2.6) lib/action_view/rendering.rb:30:in `process'
  actionpack (4.2.6) lib/action_controller/metal.rb:196:in `dispatch'
  actionpack (4.2.6) lib/action_controller/metal/rack_delegation.rb:13:in `dispatch'
  actionpack (4.2.6) lib/action_controller/metal.rb:237:in `block in action'
  actionpack (4.2.6) lib/action_dispatch/routing/route_set.rb:74:in `call'
  actionpack (4.2.6) lib/action_dispatch/routing/route_set.rb:74:in `dispatch'
  actionpack (4.2.6) lib/action_dispatch/routing/route_set.rb:43:in `serve'
  actionpack (4.2.6) lib/action_dispatch/routing/mapper.rb:49:in `serve'
  actionpack (4.2.6) lib/action_dispatch/journey/router.rb:43:in `block in serve'
  actionpack (4.2.6) lib/action_dispatch/journey/router.rb:30:in `each'
  actionpack (4.2.6) lib/action_dispatch/journey/router.rb:30:in `serve'
  actionpack (4.2.6) lib/action_dispatch/routing/route_set.rb:817:in `call'
  warden (1.2.6) lib/warden/manager.rb:35:in `block in call'
  warden (1.2.6) lib/warden/manager.rb:34:in `catch'
  warden (1.2.6) lib/warden/manager.rb:34:in `call'
  rack (1.6.4) lib/rack/etag.rb:24:in `call'
  rack (1.6.4) lib/rack/conditionalget.rb:25:in `call'
  rack (1.6.4) lib/rack/head.rb:13:in `call'
  actionpack (4.2.6) lib/action_dispatch/middleware/params_parser.rb:27:in `call'
  actionpack (4.2.6) lib/action_dispatch/middleware/flash.rb:260:in `call'
  rack (1.6.4) lib/rack/session/abstract/id.rb:225:in `context'
  rack (1.6.4) lib/rack/session/abstract/id.rb:220:in `call'
  actionpack (4.2.6) lib/action_dispatch/middleware/cookies.rb:560:in `call'
  activerecord (4.2.6) lib/active_record/query_cache.rb:36:in `call'
  activerecord (4.2.6) lib/active_record/connection_adapters/abstract/connection_pool.rb:653:in `call'
  activerecord (4.2.6) lib/active_record/migration.rb:377:in `call'
  actionpack (4.2.6) lib/action_dispatch/middleware/callbacks.rb:29:in `block in call'
  activesupport (4.2.6) lib/active_support/callbacks.rb:88:in `__run_callbacks__'
  activesupport (4.2.6) lib/active_support/callbacks.rb:778:in `_run_call_callbacks'
  activesupport (4.2.6) lib/active_support/callbacks.rb:81:in `run_callbacks'
  actionpack (4.2.6) lib/action_dispatch/middleware/callbacks.rb:27:in `call'
  actionpack (4.2.6) lib/action_dispatch/middleware/reloader.rb:73:in `call'
  actionpack (4.2.6) lib/action_dispatch/middleware/remote_ip.rb:78:in `call'
  actionpack (4.2.6) lib/action_dispatch/middleware/debug_exceptions.rb:17:in `call'
  web-console (2.3.0) lib/web_console/middleware.rb:28:in `block in call'
  web-console (2.3.0) lib/web_console/middleware.rb:18:in `catch'
  web-console (2.3.0) lib/web_console/middleware.rb:18:in `call'
  actionpack (4.2.6) lib/action_dispatch/middleware/show_exceptions.rb:30:in `call'
  railties (4.2.6) lib/rails/rack/logger.rb:38:in `call_app'
  railties (4.2.6) lib/rails/rack/logger.rb:20:in `block in call'
  activesupport (4.2.6) lib/active_support/tagged_logging.rb:68:in `block in tagged'
  activesupport (4.2.6) lib/active_support/tagged_logging.rb:26:in `tagged'
  activesupport (4.2.6) lib/active_support/tagged_logging.rb:68:in `tagged'
  railties (4.2.6) lib/rails/rack/logger.rb:20:in `call'
  actionpack (4.2.6) lib/action_dispatch/middleware/request_id.rb:21:in `call'
  rack (1.6.4) lib/rack/methodoverride.rb:22:in `call'
  rack (1.6.4) lib/rack/runtime.rb:18:in `call'
  activesupport (4.2.6) lib/active_support/cache/strategy/local_cache_middleware.rb:28:in `call'
  rack (1.6.4) lib/rack/lock.rb:17:in `call'
  actionpack (4.2.6) lib/action_dispatch/middleware/static.rb:120:in `call'
  rack (1.6.4) lib/rack/sendfile.rb:113:in `call'
  railties (4.2.6) lib/rails/engine.rb:518:in `call'
  railties (4.2.6) lib/rails/application.rb:165:in `call'
  rack (1.6.4) lib/rack/lock.rb:17:in `call'
  rack (1.6.4) lib/rack/content_length.rb:15:in `call'
  rack (1.6.4) lib/rack/handler/webrick.rb:88:in `service'
  /home/webwerks/.rvm/rubies/ruby-2.2.2/lib/ruby/2.2.0/webrick/httpserver.rb:138:in `service'
  /home/webwerks/.rvm/rubies/ruby-2.2.2/lib/ruby/2.2.0/webrick/httpserver.rb:94:in `run'
  /home/webwerks/.rvm/rubies/ruby-2.2.2/lib/ruby/2.2.0/webrick/server.rb:294:in `block in start_thread'


  Rendered /home/webwerks/.rvm/gems/ruby-2.2.2/gems/actionpack-4.2.6/lib/action_dispatch/middleware/templates/rescues/_source.erb (12.6ms)
  Rendered /home/webwerks/.rvm/gems/ruby-2.2.2/gems/actionpack-4.2.6/lib/action_dispatch/middleware/templates/rescues/_trace.html.erb (8.4ms)
  Rendered /home/webwerks/.rvm/gems/ruby-2.2.2/gems/actionpack-4.2.6/lib/action_dispatch/middleware/templates/rescues/_request_and_response.html.erb (2.2ms)
  Rendered /home/webwerks/.rvm/gems/ruby-2.2.2/gems/actionpack-4.2.6/lib/action_dispatch/middleware/templates/rescues/template_error.html.erb within rescues/layout (45.5ms)
  Rendered /home/webwerks/.rvm/gems/ruby-2.2.2/gems/web-console-2.3.0/lib/web_console/templates/_markup.html.erb (0.8ms)
  Rendered /home/webwerks/.rvm/gems/ruby-2.2.2/gems/web-console-2.3.0/lib/web_console/templates/_inner_console_markup.html.erb within layouts/inlined_string (0.6ms)
  Rendered /home/webwerks/.rvm/gems/ruby-2.2.2/gems/web-console-2.3.0/lib/web_console/templates/_prompt_box_markup.html.erb within layouts/inlined_string (0.6ms)
  Rendered /home/webwerks/.rvm/gems/ruby-2.2.2/gems/web-console-2.3.0/lib/web_console/templates/style.css.erb within layouts/inlined_string (0.6ms)
  Rendered /home/webwerks/.rvm/gems/ruby-2.2.2/gems/web-console-2.3.0/lib/web_console/templates/console.js.erb within layouts/javascript (85.8ms)
  Rendered /home/webwerks/.rvm/gems/ruby-2.2.2/gems/web-console-2.3.0/lib/web_console/templates/index.html.erb (98.6ms)


Started GET "/" for 127.0.0.1 at 2016-08-31 17:05:48 +0530
  [1m[36mActiveRecord::SchemaMigration Load (0.2ms)[0m  [1mSELECT "schema_migrations".* FROM "schema_migrations"[0m
Processing by Devise::SessionsController#new as HTML
  Rendered /home/webwerks/.rvm/gems/ruby-2.2.2/gems/devise-4.2.0/app/views/devise/shared/_links.html.erb (3.0ms)
  Rendered /home/webwerks/.rvm/gems/ruby-2.2.2/gems/devise-4.2.0/app/views/devise/sessions/new.html.erb within layouts/application (35.9ms)
Completed 200 OK in 437ms (Views: 372.0ms | ActiveRecord: 1.0ms)


Started GET "/assets/application.self-e80e8f2318043e8af94dddc2adad5a4f09739a8ebb323b3ab31cd71d45fd9113.css?body=1" for 127.0.0.1 at 2016-08-31 17:05:49 +0530


Started GET "/assets/jquery.self-bd7ddd393353a8d2480a622e80342adf488fb6006d667e8b42e4c0073393abee.js?body=1" for 127.0.0.1 at 2016-08-31 17:05:49 +0530


Started GET "/assets/jquery_ujs.self-784a997f6726036b1993eb2217c9cb558e1cbb801c6da88105588c56f13b466a.js?body=1" for 127.0.0.1 at 2016-08-31 17:05:49 +0530


Started GET "/assets/application.self-3b8dabdc891efe46b9a144b400ad69e37d7e5876bdc39dee783419a69d7ca819.js?body=1" for 127.0.0.1 at 2016-08-31 17:05:49 +0530


Started GET "/assets/turbolinks.self-c5acd7a204f5f25ce7a1d8a0e4d92e28d34c9e2df2c7371cd7af88e147e4ad82.js?body=1" for 127.0.0.1 at 2016-08-31 17:05:49 +0530
